<?xml version="1.0" encoding="UTF-8"?>
<beans xmlns="http://www.springframework.org/schema/beans"
       xmlns:xsi="http://www.w3.org/2001/XMLSchema-instance"
       xmlns:context="http://www.springframework.org/schema/context"
       xsi:schemaLocation="http://www.springframework.org/schema/beans
       http://www.springframework.org/schema/beans/spring-beans.xsd http://www.springframework.org/schema/context http://www.springframework.org/schema/context/spring-context.xsd">


    <context:component-scan base-package="com.departments"/>

    <import resource="classpath*:data-source-mysql.xml"/>


    <bean id="employeeDao" class="com.departments.dao.EmployeeDaoImpl">
        <constructor-arg ref="dataSource"/>
    </bean>

    <bean id="departmentDao" class="com.departments.dao.DepartmentDaoImpl">
        <constructor-arg ref="dataSource"/>
    </bean>



</beans>